
2015/12/27 19:45:03 [I] jsondata={'Topic':test,'Channel':eason,'UserID':00001,'Message':hello eason}

2015/12/27 19:47:14 [I] jsondata={Topic:test,Channel:eason,UserID:00001,Message:hello e:son}

2015/12/28 13:47:28 [I] jsondata={Topic:test,Channel:eason,UserID:00001,Message:ss}

2015/12/28 13:47:37 [I] jsondata={Topic:test,Channel:eason,UserID:00001,Message:niaoren}

2016/01/10 21:00:02 [I] A-20150822VCTVI:runing

2016/01/10 21:00:12 [I] A-20150822VCTVI:runing

2016/01/10 21:00:22 [I] A-20150822VCTVI:runing

2016/01/10 21:00:32 [I] A-20150822VCTVI:runing

2016/01/10 21:00:42 [I] A-20150822VCTVI:runing

2016/01/10 21:00:52 [I] A-20150822VCTVI:runing

2016/01/10 21:01:02 [I] A-20150822VCTVI:runing

2016/01/10 21:01:12 [I] A-20150822VCTVI:runing

2016/01/10 21:01:22 [I] A-20150822VCTVI:stop

2016/01/10 21:03:24 [I] A-20150822VCTVI:runing

2016/01/10 21:03:34 [I] A-20150822VCTVI:stop

2016/01/10 21:12:39 [I] A-20150822VCTVI:runing

2016/01/10 21:12:49 [I] A-20150822VCTVI:runing

2016/01/10 21:16:46 [I] A-20150822VCTVI:runing

2016/01/10 21:16:58 [I] A-20150822VCTVI:runing

2016/01/10 21:17:06 [I] A-20150822VCTVI:runing

2016/01/10 21:17:16 [I] A-20150822VCTVI:runing

2016/01/10 21:17:26 [I] A-20150822VCTVI:runing

2016/01/10 21:17:36 [I] A-20150822VCTVI:runing

2016/01/10 21:17:46 [I] A-20150822VCTVI:runing

2016/01/10 21:17:56 [I] A-20150822VCTVI:runing

2016/01/10 21:18:06 [I] A-20150822VCTVI:runing

2016/01/10 21:18:16 [I] A-20150822VCTVI:runing

2016/01/10 21:18:26 [I] A-20150822VCTVI:runing

2016/01/10 21:18:36 [I] A-20150822VCTVI:runing

2016/01/10 21:18:46 [I] A-20150822VCTVI:runing

2016/01/10 21:18:56 [I] A-20150822VCTVI:runing

2016/01/10 21:19:06 [I] A-20150822VCTVI:runing

2016/01/10 21:19:16 [I] A-20150822VCTVI:runing

2016/01/10 21:19:26 [I] A-20150822VCTVI:runing

2016/01/10 21:26:06 [I] A-20150822VCTVI:runing

2016/01/10 21:26:16 [I] A-20150822VCTVI:runing

2016/01/10 21:26:26 [I] A-20150822VCTVI:stop

2016/01/10 21:27:07 [I] A-20150822VCTVI:runing

2016/01/10 21:27:17 [I] A-20150822VCTVI:runing

2016/01/10 21:27:27 [I] A-20150822VCTVI:runing

2016/01/10 21:27:37 [I] A-20150822VCTVI:stop

2016/01/10 21:39:14 [I] A-20150822VCTVI:runing

2016/01/10 21:39:24 [I] A-20150822VCTVI:runing

2016/01/10 21:39:34 [I] A-20150822VCTVI:runing

2016/01/10 21:39:44 [I] A-20150822VCTVI:runing

2016/01/10 21:39:54 [I] A-20150822VCTVI:runing

2016/01/10 21:40:04 [I] A-20150822VCTVI:runing

2016/01/10 21:40:14 [I] A-20150822VCTVI:runing

2016/01/10 21:40:24 [I] A-20150822VCTVI:stop

2016/01/10 21:40:40 [I] A-20150822VCTVI:runing

2016/01/10 21:40:50 [I] A-20150822VCTVI:runing

2016/01/10 21:41:00 [I] A-20150822VCTVI:runing

2016/01/10 21:41:12 [I] A-20150822VCTVI:runing

2016/01/10 21:41:20 [I] A-20150822VCTVI:runing

2016/01/10 21:41:30 [I] A-20150822VCTVI:runing

2016/01/10 21:41:40 [I] A-20150822VCTVI:runing

2016/01/10 21:41:50 [I] A-20150822VCTVI:runing

2016/01/10 21:42:00 [I] A-20150822VCTVI:runing

2016/01/10 21:42:10 [I] A-20150822VCTVI:runing

2016/01/10 21:42:20 [I] A-20150822VCTVI:runing

2016/01/10 21:42:30 [I] A-20150822VCTVI:runing

2016/01/10 21:42:40 [I] A-20150822VCTVI:runing

2016/01/10 21:42:51 [I] A-20150822VCTVI:runing

2016/01/10 21:43:00 [I] A-20150822VCTVI:runing

2016/01/10 21:43:10 [I] A-20150822VCTVI:runing

2016/01/10 21:43:20 [I] A-20150822VCTVI:runing

2016/01/10 21:43:30 [I] A-20150822VCTVI:runing

2016/01/10 21:43:40 [I] A-20150822VCTVI:runing

2016/01/10 21:43:50 [I] A-20150822VCTVI:runing

2016/01/10 21:44:00 [I] A-20150822VCTVI:runing

2016/01/10 21:56:03 [I] A-20150822VCTVI:runing

2016/01/10 21:56:13 [I] A-20150822VCTVI:runing

2016/01/10 21:56:23 [I] A-20150822VCTVI:runing

2016/01/10 21:56:33 [I] A-20150822VCTVI:runing

2016/01/10 21:56:43 [I] A-20150822VCTVI:runing

2016/01/10 21:56:54 [I] A-20150822VCTVI:runing

2016/01/10 21:57:03 [I] A-20150822VCTVI:runing

2016/01/10 21:57:13 [I] A-20150822VCTVI:runing

2016/01/10 21:57:23 [I] A-20150822VCTVI:runing

2016/01/10 21:57:33 [I] A-20150822VCTVI:runing

2016/01/10 21:57:43 [I] A-20150822VCTVI:runing

2016/01/10 21:57:53 [I] A-20150822VCTVI:runing

2016/01/10 21:58:03 [I] A-20150822VCTVI:runing

2016/01/10 21:58:13 [I] A-20150822VCTVI:runing

2016/01/10 21:58:23 [I] A-20150822VCTVI:runing

2016/01/10 21:58:33 [I] A-20150822VCTVI:runing

2016/01/10 21:58:43 [I] A-20150822VCTVI:runing

2016/01/10 21:58:53 [I] A-20150822VCTVI:runing

2016/01/10 21:59:03 [I] A-20150822VCTVI:runing

2016/01/10 21:59:13 [I] A-20150822VCTVI:runing

2016/01/10 21:59:23 [I] A-20150822VCTVI:runing

2016/01/10 21:59:33 [I] A-20150822VCTVI:runing

2016/01/10 21:59:43 [I] A-20150822VCTVI:runing

2016/01/10 21:59:54 [I] A-20150822VCTVI:runing

2016/01/10 22:00:03 [I] A-20150822VCTVI:runing

2016/01/10 22:00:13 [I] A-20150822VCTVI:runing

2016/01/10 22:00:23 [I] A-20150822VCTVI:runing

2016/01/10 22:00:33 [I] A-20150822VCTVI:runing

2016/01/10 22:00:43 [I] A-20150822VCTVI:runing

2016/01/10 22:00:53 [I] A-20150822VCTVI:runing

2016/01/10 22:01:03 [I] A-20150822VCTVI:runing

2016/01/10 22:01:13 [I] A-20150822VCTVI:runing

2016/01/10 22:01:23 [I] A-20150822VCTVI:runing

2016/01/10 22:01:33 [I] A-20150822VCTVI:runing

2016/01/10 22:01:43 [I] A-20150822VCTVI:runing

2016/01/10 22:01:53 [I] A-20150822VCTVI:runing

2016/01/10 22:02:04 [I] A-20150822VCTVI:runing

2016/01/10 22:02:13 [I] A-20150822VCTVI:runing

2016/01/10 22:02:23 [I] A-20150822VCTVI:runing

2016/01/10 22:02:36 [I] A-20150822VCTVI:runing

2016/01/10 22:02:43 [I] A-20150822VCTVI:runing

2016/01/10 22:02:53 [I] A-20150822VCTVI:runing

2016/01/10 22:03:03 [I] A-20150822VCTVI:runing

2016/01/10 22:03:13 [I] A-20150822VCTVI:runing

2016/01/10 22:03:23 [I] A-20150822VCTVI:runing

2016/01/10 22:03:33 [I] A-20150822VCTVI:runing

2016/01/10 22:03:43 [I] A-20150822VCTVI:runing

2016/01/10 22:03:53 [I] A-20150822VCTVI:runing

2016/01/10 22:04:03 [I] A-20150822VCTVI:runing

2016/01/10 22:04:13 [I] A-20150822VCTVI:runing

2016/01/10 22:04:23 [I] A-20150822VCTVI:runing

2016/01/10 22:04:33 [I] A-20150822VCTVI:runing

2016/01/10 22:04:43 [I] A-20150822VCTVI:runing

2016/01/10 22:04:53 [I] A-20150822VCTVI:runing

2016/01/10 22:05:03 [I] A-20150822VCTVI:runing

2016/01/10 22:05:13 [I] A-20150822VCTVI:runing

2016/01/10 22:05:23 [I] A-20150822VCTVI:runing

2016/01/10 22:05:33 [I] A-20150822VCTVI:runing

2016/01/10 22:05:43 [I] A-20150822VCTVI:runing

2016/01/10 22:05:53 [I] A-20150822VCTVI:runing

2016/01/10 22:06:03 [I] A-20150822VCTVI:runing

2016/01/10 22:06:13 [I] A-20150822VCTVI:runing

2016/01/10 22:06:23 [I] A-20150822VCTVI:runing

2016/01/10 22:06:33 [I] A-20150822VCTVI:runing

2016/01/10 22:06:43 [I] A-20150822VCTVI:runing

2016/01/10 22:06:53 [I] A-20150822VCTVI:runing

2016/01/10 22:07:03 [I] A-20150822VCTVI:runing

2016/01/10 22:07:13 [I] A-20150822VCTVI:runing

2016/01/10 22:07:23 [I] A-20150822VCTVI:runing

2016/01/10 22:07:33 [I] A-20150822VCTVI:runing

2016/01/10 22:07:43 [I] A-20150822VCTVI:runing

2016/01/10 22:07:53 [I] A-20150822VCTVI:runing

2016/01/10 22:08:03 [I] A-20150822VCTVI:runing

2016/01/10 22:08:13 [I] A-20150822VCTVI:runing

2016/01/10 22:08:23 [I] A-20150822VCTVI:runing

2016/01/10 22:08:33 [I] A-20150822VCTVI:runing

2016/01/10 22:08:43 [I] A-20150822VCTVI:runing

2016/01/10 22:08:53 [I] A-20150822VCTVI:runing

2016/01/10 22:09:03 [I] A-20150822VCTVI:runing

2016/01/10 22:09:13 [I] A-20150822VCTVI:runing

2016/01/10 22:09:24 [I] A-20150822VCTVI:runing

2016/01/10 22:09:33 [I] A-20150822VCTVI:runing

2016/01/10 22:09:43 [I] A-20150822VCTVI:runing

2016/01/10 22:09:54 [I] A-20150822VCTVI:runing

2016/01/10 22:10:03 [I] A-20150822VCTVI:runing

2016/01/10 22:10:13 [I] A-20150822VCTVI:runing

2016/01/10 22:10:23 [I] A-20150822VCTVI:runing

2016/01/10 22:10:33 [I] A-20150822VCTVI:runing

2016/01/10 22:10:43 [I] A-20150822VCTVI:runing

2016/01/10 22:10:53 [I] A-20150822VCTVI:runing

2016/01/10 22:11:03 [I] A-20150822VCTVI:runing

2016/01/10 22:11:13 [I] A-20150822VCTVI:runing

2016/01/10 22:11:23 [I] A-20150822VCTVI:runing

2016/01/10 22:11:34 [I] A-20150822VCTVI:runing

2016/01/10 22:11:43 [I] A-20150822VCTVI:runing

2016/01/10 22:11:53 [I] A-20150822VCTVI:runing

2016/01/10 22:12:03 [I] A-20150822VCTVI:runing

2016/01/10 22:12:13 [I] A-20150822VCTVI:runing

2016/01/10 22:12:23 [I] A-20150822VCTVI:runing

2016/01/10 22:12:33 [I] A-20150822VCTVI:runing

2016/01/10 22:12:43 [I] A-20150822VCTVI:runing

2016/01/10 22:12:53 [I] A-20150822VCTVI:runing

2016/01/10 22:13:03 [I] A-20150822VCTVI:runing

2016/01/10 22:13:13 [I] A-20150822VCTVI:runing

2016/01/10 22:13:23 [I] A-20150822VCTVI:runing

2016/01/10 22:13:33 [I] A-20150822VCTVI:runing

2016/01/10 22:13:43 [I] A-20150822VCTVI:runing

2016/01/10 22:13:53 [I] A-20150822VCTVI:runing

2016/01/10 22:14:03 [I] A-20150822VCTVI:runing

2016/01/10 22:14:13 [I] A-20150822VCTVI:runing

2016/01/10 22:14:23 [I] A-20150822VCTVI:runing

2016/01/10 22:14:33 [I] A-20150822VCTVI:runing

2016/01/10 22:14:43 [I] A-20150822VCTVI:runing

2016/01/10 22:14:53 [I] A-20150822VCTVI:stop

2016/01/10 22:16:03 [I] A-20150822VCTVI:stop

2016/01/10 22:17:45 [I] A-20150822VCTVI:runing

2016/01/10 22:17:55 [I] A-20150822VCTVI:runing

2016/01/10 22:18:05 [I] A-20150822VCTVI:runing

2016/01/10 22:18:15 [I] A-20150822VCTVI:runing

2016/01/10 22:18:25 [I] A-20150822VCTVI:runing

2016/01/10 22:18:35 [I] A-20150822VCTVI:runing

2016/01/10 22:18:45 [I] A-20150822VCTVI:runing

2016/01/10 22:18:55 [I] A-20150822VCTVI:runing

2016/01/10 22:19:05 [I] A-20150822VCTVI:runing

2016/01/10 22:19:15 [I] A-20150822VCTVI:runing

2016/01/10 22:19:25 [I] A-20150822VCTVI:runing

2016/01/10 22:19:35 [I] A-20150822VCTVI:runing

2016/01/10 22:19:45 [I] A-20150822VCTVI:runing

2016/01/10 22:19:55 [I] A-20150822VCTVI:runing

2016/01/10 22:20:05 [I] A-20150822VCTVI:runing

2016/01/10 22:20:15 [I] A-20150822VCTVI:runing

2016/01/10 22:20:25 [I] A-20150822VCTVI:runing

2016/01/10 22:20:35 [I] A-20150822VCTVI:runing

2016/01/10 22:20:45 [I] A-20150822VCTVI:runing

2016/01/10 22:20:55 [I] A-20150822VCTVI:runing

2016/01/10 22:21:05 [I] A-20150822VCTVI:runing

2016/01/10 22:21:15 [I] A-20150822VCTVI:runing

2016/01/10 22:21:25 [I] A-20150822VCTVI:runing

2016/01/10 22:21:35 [I] A-20150822VCTVI:runing

2016/01/10 22:28:35 [I] A-20150822VCTVI:runing

2016/01/10 22:28:39 [I] A-20150822VCTVI:runing

2016/01/10 22:28:41 [I] A-20150822VCTVI:runing

2016/01/10 22:28:45 [I] A-20150822VCTVI:runing

2016/01/10 22:28:49 [I] A-20150822VCTVI:runing

2016/01/10 22:28:51 [I] A-20150822VCTVI:runing

2016/01/10 22:28:56 [I] A-20150822VCTVI:runing

2016/01/10 22:28:59 [I] A-20150822VCTVI:runing

2016/01/10 22:29:02 [I] A-20150822VCTVI:runing

2016/01/10 22:29:05 [I] A-20150822VCTVI:runing

2016/01/10 22:29:08 [I] A-20150822VCTVI:runing

2016/01/10 22:29:09 [I] A-20150822VCTVI:runing

2016/01/10 22:29:11 [I] A-20150822VCTVI:runing

2016/01/10 22:29:12 [I] A-20150822VCTVI:runing

2016/01/10 22:29:15 [I] A-20150822VCTVI:runing

2016/01/10 22:29:18 [I] A-20150822VCTVI:runing

2016/01/10 22:29:19 [I] A-20150822VCTVI:runing

2016/01/10 22:29:21 [I] A-20150822VCTVI:runing

2016/01/10 22:29:22 [I] A-20150822VCTVI:runing

2016/01/10 22:29:26 [I] A-20150822VCTVI:runing

2016/01/10 22:29:28 [I] A-20150822VCTVI:runing

2016/01/10 22:29:29 [I] A-20150822VCTVI:runing

2016/01/10 22:29:31 [I] A-20150822VCTVI:runing

2016/01/10 22:29:32 [I] A-20150822VCTVI:runing

2016/01/10 22:29:35 [I] A-20150822VCTVI:stop

2016/01/10 22:29:55 [I] A-20150822VCTVI:runing

2016/01/10 22:29:58 [I] A-20150822VCTVI:runing

2016/01/10 22:30:05 [I] A-20150822VCTVI:runing

2016/01/10 22:30:08 [I] A-20150822VCTVI:runing

2016/01/10 22:30:15 [I] A-20150822VCTVI:runing

2016/01/10 22:30:19 [I] A-20150822VCTVI:runing

2016/01/10 22:30:25 [I] A-20150822VCTVI:runing

2016/01/10 22:30:28 [I] A-20150822VCTVI:runing

2016/01/10 22:30:35 [I] A-20150822VCTVI:runing

2016/01/10 22:30:38 [I] A-20150822VCTVI:runing

2016/01/10 22:30:45 [I] A-20150822VCTVI:runing

2016/01/10 22:30:48 [I] A-20150822VCTVI:runing

2016/01/10 22:32:09 [I] A-20150822VCTVI:runing

2016/01/10 22:32:44 [I] A-20150822VCTVI:runing

2016/01/10 22:32:54 [I] A-20150822VCTVI:runing

2016/01/10 22:33:04 [I] A-20150822VCTVI:stop

2016/01/10 22:34:55 [I] A-20150822VCTVI:runing

2016/01/10 22:35:05 [I] A-20150822VCTVI:runing

2016/01/10 22:35:15 [I] A-20150822VCTVI:runing

2016/01/10 22:35:25 [I] A-20150822VCTVI:runing

2016/01/10 22:35:35 [I] A-20150822VCTVI:runing

2016/01/10 22:35:45 [I] A-20150822VCTVI:runing

2016/01/10 22:35:55 [I] A-20150822VCTVI:runing

2016/01/10 22:36:05 [I] A-20150822VCTVI:runing

2016/01/10 22:36:15 [I] A-20150822VCTVI:runing

2016/01/10 22:36:25 [I] A-20150822VCTVI:runing

2016/01/10 22:36:35 [I] A-20150822VCTVI:runing

2016/01/10 22:36:45 [I] A-20150822VCTVI:runing

2016/01/10 22:36:55 [I] A-20150822VCTVI:runing

2016/01/10 22:37:05 [I] A-20150822VCTVI:runing

2016/01/10 22:37:15 [I] A-20150822VCTVI:runing

2016/01/10 22:37:25 [I] A-20150822VCTVI:runing

2016/01/10 22:37:35 [I] A-20150822VCTVI:runing

2016/01/10 22:38:58 [I] A-20150822VCTVI:runing

2016/01/10 22:39:08 [I] A-20150822VCTVI:runing

2016/01/10 22:39:18 [I] A-20150822VCTVI:runing

2016/01/10 22:39:40 [I] A-20150822VCTVI:stop

